# JRE version: Java(TM) SE Runtime Environment 18.9 (11.0.18+9) (build 11.0.18+9-LTS-195)
# Java VM: Java HotSpot(TM) 64-Bit Server VM 18.9 (11.0.18+9-LTS-195, mixed mode, tiered, compressed oops, g1 gc, windows-amd64)
Heap:
 garbage-first heap   total 176128K, used 109511K [0x0000000080000000, 0x0000000100000000)
  region size 1024K, 6 young (6144K), 1 survivors (1024K)
 Metaspace       used 102241K, capacity 104924K, committed 105216K, reserved 608256K
  class space    used 13442K, capacity 14526K, committed 14592K, reserved 516096K
GC Heap History (10 events):
Event: 103.209 GC heap before
{Heap before GC invocations=90 (full 0):
 garbage-first heap   total 146432K, used 119867K [0x0000000080000000, 0x0000000100000000)
  region size 1024K, 35 young (35840K), 5 survivors (5120K)
 Metaspace       used 99337K, capacity 101876K, committed 102144K, reserved 604160K
  class space    used 13200K, capacity 14240K, committed 14336K, reserved 516096K
}
Event: 103.267 GC heap after
{Heap after GC invocations=91 (full 0):
 garbage-first heap   total 146432K, used 92098K [0x0000000080000000, 0x0000000100000000)
  region size 1024K, 5 young (5120K), 5 survivors (5120K)
 Metaspace       used 99337K, capacity 101876K, committed 102144K, reserved 604160K
  class space    used 13200K, capacity 14240K, committed 14336K, reserved 516096K
}
Event: 107.927 GC heap before
{Heap before GC invocations=92 (full 0):
 garbage-first heap   total 146432K, used 120770K [0x0000000080000000, 0x0000000100000000)
  region size 1024K, 34 young (34816K), 5 survivors (5120K)
 Metaspace       used 101498K, capacity 104119K, committed 104320K, reserved 606208K
  class space    used 13371K, capacity 14463K, committed 14464K, reserved 516096K
}
Event: 107.982 GC heap after
{Heap after GC invocations=93 (full 0):
 garbage-first heap   total 176128K, used 96729K [0x0000000080000000, 0x0000000100000000)
  region size 1024K, 5 young (5120K), 5 survivors (5120K)
 Metaspace       used 101498K, capacity 104119K, committed 104320K, reserved 606208K
  class space    used 13371K, capacity 14463K, committed 14464K, reserved 516096K
}
Event: 111.873 GC heap before
{Heap before GC invocations=93 (full 0):
 garbage-first heap   total 176128K, used 132569K [0x0000000080000000, 0x0000000100000000)
  region size 1024K, 41 young (41984K), 5 survivors (5120K)
 Metaspace       used 102187K, capacity 104863K, committed 104960K, reserved 608256K
  class space    used 13443K, capacity 14531K, committed 14592K, reserved 516096K
}
Event: 111.933 GC heap after
{Heap after GC invocations=94 (full 0):
 garbage-first heap   total 176128K, used 99522K [0x0000000080000000, 0x0000000100000000)
  region size 1024K, 3 young (3072K), 3 survivors (3072K)
 Metaspace       used 102187K, capacity 104863K, committed 104960K, reserved 608256K
  class space    used 13443K, capacity 14531K, committed 14592K, reserved 516096K
}
Event: 115.989 GC heap before
{Heap before GC invocations=95 (full 0):
 garbage-first heap   total 176128K, used 140482K [0x0000000080000000, 0x0000000100000000)
  region size 1024K, 44 young (45056K), 3 survivors (3072K)
 Metaspace       used 102208K, capacity 104867K, committed 104960K, reserved 608256K
  class space    used 13444K, capacity 14531K, committed 14592K, reserved 516096K
}
Event: 116.068 GC heap after
{Heap after GC invocations=96 (full 0):
 garbage-first heap   total 176128K, used 102619K [0x0000000080000000, 0x0000000100000000)
  region size 1024K, 6 young (6144K), 6 survivors (6144K)
 Metaspace       used 102208K, capacity 104867K, committed 104960K, reserved 608256K
  class space    used 13444K, capacity 14531K, committed 14592K, reserved 516096K
}
Event: 117.197 GC heap before
{Heap before GC invocations=96 (full 0):
 garbage-first heap   total 176128K, used 111835K [0x0000000080000000, 0x0000000100000000)
  region size 1024K, 16 young (16384K), 6 survivors (6144K)
 Metaspace       used 102209K, capacity 104867K, committed 104960K, reserved 608256K
  class space    used 13444K, capacity 14531K, committed 14592K, reserved 516096K
}
Event: 117.247 GC heap after
{Heap after GC invocations=97 (full 0):
 garbage-first heap   total 176128K, used 103367K [0x0000000080000000, 0x0000000100000000)
  region size 1024K, 1 young (1024K), 1 survivors (1024K)
 Metaspace       used 102209K, capacity 104867K, committed 104960K, reserved 608256K
  class space    used 13444K, capacity 14531K, committed 14592K, reserved 516096K
}

